{"/Users/arman/Projects/azure-blobs-content-uploader/src/file-system-utils.ts": {"path":"/Users/arman/Projects/azure-blobs-content-uploader/src/file-system-utils.ts","statementMap":{"0":{"start":{"line":2,"column":22},"end":{"line":4,"column":1}},"1":{"start":{"line":3,"column":4},"end":{"line":3,"column":62}},"2":{"start":{"line":5,"column":0},"end":{"line":5,"column":62}},"3":{"start":{"line":6,"column":0},"end":{"line":6,"column":35}},"4":{"start":{"line":7,"column":13},"end":{"line":7,"column":43}},"5":{"start":{"line":8,"column":21},"end":{"line":8,"column":59}},"6":{"start":{"line":9,"column":15},"end":{"line":9,"column":47}},"7":{"start":{"line":10,"column":8},"end":{"line":10,"column":34}},"8":{"start":{"line":23,"column":24},"end":{"line":23,"column":26}},"9":{"start":{"line":24,"column":4},"end":{"line":24,"column":29}},"10":{"start":{"line":25,"column":4},"end":{"line":50,"column":5}},"11":{"start":{"line":26,"column":37},"end":{"line":26,"column":48}},"12":{"start":{"line":27,"column":8},"end":{"line":27,"column":68}},"13":{"start":{"line":28,"column":41},"end":{"line":28,"column":87}},"14":{"start":{"line":29,"column":40},"end":{"line":33,"column":67}},"15":{"start":{"line":31,"column":25},"end":{"line":31,"column":108}},"16":{"start":{"line":33,"column":22},"end":{"line":33,"column":66}},"17":{"start":{"line":34,"column":8},"end":{"line":34,"column":81}},"18":{"start":{"line":35,"column":31},"end":{"line":37,"column":69}},"19":{"start":{"line":37,"column":25},"end":{"line":37,"column":68}},"20":{"start":{"line":37,"column":54},"end":{"line":37,"column":67}},"21":{"start":{"line":38,"column":8},"end":{"line":38,"column":88}},"22":{"start":{"line":39,"column":8},"end":{"line":39,"column":48}},"23":{"start":{"line":40,"column":8},"end":{"line":49,"column":9}},"24":{"start":{"line":41,"column":28},"end":{"line":44,"column":86}},"25":{"start":{"line":42,"column":29},"end":{"line":44,"column":30}},"26":{"start":{"line":44,"column":41},"end":{"line":44,"column":85}},"27":{"start":{"line":45,"column":12},"end":{"line":48,"column":13}},"28":{"start":{"line":47,"column":16},"end":{"line":47,"column":53}},"29":{"start":{"line":47,"column":39},"end":{"line":47,"column":51}},"30":{"start":{"line":51,"column":26},"end":{"line":58,"column":6}},"31":{"start":{"line":52,"column":27},"end":{"line":52,"column":55}},"32":{"start":{"line":53,"column":8},"end":{"line":54,"column":53}},"33":{"start":{"line":54,"column":12},"end":{"line":54,"column":53}},"34":{"start":{"line":55,"column":8},"end":{"line":56,"column":66}},"35":{"start":{"line":56,"column":12},"end":{"line":56,"column":66}},"36":{"start":{"line":57,"column":8},"end":{"line":57,"column":73}},"37":{"start":{"line":59,"column":4},"end":{"line":59,"column":27}},"38":{"start":{"line":61,"column":0},"end":{"line":61,"column":46}}},"fnMap":{"0":{"name":"(anonymous_0)","decl":{"start":{"line":2,"column":56},"end":{"line":2,"column":57}},"loc":{"start":{"line":2,"column":71},"end":{"line":4,"column":1}},"line":2},"1":{"name":"getFilesForUpload","decl":{"start":{"line":22,"column":9},"end":{"line":22,"column":26}},"loc":{"start":{"line":22,"column":96},"end":{"line":60,"column":1}},"line":22},"2":{"name":"(anonymous_2)","decl":{"start":{"line":31,"column":20},"end":{"line":31,"column":21}},"loc":{"start":{"line":31,"column":25},"end":{"line":31,"column":108}},"line":31},"3":{"name":"(anonymous_3)","decl":{"start":{"line":33,"column":17},"end":{"line":33,"column":18}},"loc":{"start":{"line":33,"column":22},"end":{"line":33,"column":66}},"line":33},"4":{"name":"(anonymous_4)","decl":{"start":{"line":37,"column":20},"end":{"line":37,"column":21}},"loc":{"start":{"line":37,"column":25},"end":{"line":37,"column":68}},"line":37},"5":{"name":"(anonymous_5)","decl":{"start":{"line":37,"column":49},"end":{"line":37,"column":50}},"loc":{"start":{"line":37,"column":54},"end":{"line":37,"column":67}},"line":37},"6":{"name":"(anonymous_6)","decl":{"start":{"line":42,"column":24},"end":{"line":42,"column":25}},"loc":{"start":{"line":42,"column":29},"end":{"line":44,"column":30}},"line":42},"7":{"name":"(anonymous_7)","decl":{"start":{"line":44,"column":36},"end":{"line":44,"column":37}},"loc":{"start":{"line":44,"column":41},"end":{"line":44,"column":85}},"line":44},"8":{"name":"(anonymous_8)","decl":{"start":{"line":47,"column":34},"end":{"line":47,"column":35}},"loc":{"start":{"line":47,"column":39},"end":{"line":47,"column":51}},"line":47},"9":{"name":"(anonymous_9)","decl":{"start":{"line":51,"column":44},"end":{"line":51,"column":45}},"loc":{"start":{"line":51,"column":49},"end":{"line":58,"column":5}},"line":51}},"branchMap":{"0":{"loc":{"start":{"line":2,"column":22},"end":{"line":4,"column":1}},"type":"binary-expr","locations":[{"start":{"line":2,"column":23},"end":{"line":2,"column":27}},{"start":{"line":2,"column":31},"end":{"line":2,"column":51}},{"start":{"line":2,"column":56},"end":{"line":4,"column":1}}],"line":2},"1":{"loc":{"start":{"line":3,"column":11},"end":{"line":3,"column":61}},"type":"cond-expr","locations":[{"start":{"line":3,"column":37},"end":{"line":3,"column":40}},{"start":{"line":3,"column":43},"end":{"line":3,"column":61}}],"line":3},"2":{"loc":{"start":{"line":3,"column":12},"end":{"line":3,"column":33}},"type":"binary-expr","locations":[{"start":{"line":3,"column":12},"end":{"line":3,"column":15}},{"start":{"line":3,"column":19},"end":{"line":3,"column":33}}],"line":3},"3":{"loc":{"start":{"line":40,"column":8},"end":{"line":49,"column":9}},"type":"if","locations":[{"start":{"line":40,"column":8},"end":{"line":49,"column":9}},{"start":{},"end":{}}],"line":40},"4":{"loc":{"start":{"line":45,"column":12},"end":{"line":48,"column":13}},"type":"if","locations":[{"start":{"line":45,"column":12},"end":{"line":48,"column":13}},{"start":{},"end":{}}],"line":45},"5":{"loc":{"start":{"line":45,"column":16},"end":{"line":45,"column":45}},"type":"binary-expr","locations":[{"start":{"line":45,"column":16},"end":{"line":45,"column":25}},{"start":{"line":45,"column":29},"end":{"line":45,"column":45}}],"line":45},"6":{"loc":{"start":{"line":53,"column":8},"end":{"line":54,"column":53}},"type":"if","locations":[{"start":{"line":53,"column":8},"end":{"line":54,"column":53}},{"start":{},"end":{}}],"line":53},"7":{"loc":{"start":{"line":55,"column":8},"end":{"line":56,"column":66}},"type":"if","locations":[{"start":{"line":55,"column":8},"end":{"line":56,"column":66}},{"start":{},"end":{}}],"line":55}},"s":{"0":1,"1":3,"2":1,"3":1,"4":1,"5":1,"6":1,"7":1,"8":2,"9":2,"10":2,"11":3,"12":3,"13":3,"14":3,"15":9,"16":7,"17":3,"18":3,"19":7,"20":15,"21":3,"22":3,"23":3,"24":2,"25":6,"26":1,"27":2,"28":1,"29":1,"30":2,"31":5,"32":5,"33":5,"34":5,"35":3,"36":5,"37":2,"38":1},"f":{"0":3,"1":2,"2":9,"3":7,"4":7,"5":15,"6":6,"7":1,"8":1,"9":5},"b":{"0":[1,1,1],"1":[0,3],"2":[3,3],"3":[2,1],"4":[1,1],"5":[2,2],"6":[5,0],"7":[3,2]},"_coverageSchema":"1a1c01bbd47fc00a2c39e90264f33305004495a9","hash":"37d232e4edd846290a75ad7e8f9c927daf848725"}
}
