TN:
SF:src/file-system-utils.ts
FN:2,(anonymous_0)
FN:22,getFilesForUpload
FN:31,(anonymous_2)
FN:33,(anonymous_3)
FN:37,(anonymous_4)
FN:37,(anonymous_5)
FN:42,(anonymous_6)
FN:44,(anonymous_7)
FN:47,(anonymous_8)
FN:51,(anonymous_9)
FNF:10
FNH:10
FNDA:3,(anonymous_0)
FNDA:2,getFilesForUpload
FNDA:9,(anonymous_2)
FNDA:7,(anonymous_3)
FNDA:7,(anonymous_4)
FNDA:15,(anonymous_5)
FNDA:6,(anonymous_6)
FNDA:1,(anonymous_7)
FNDA:1,(anonymous_8)
FNDA:5,(anonymous_9)
DA:2,1
DA:3,3
DA:5,1
DA:6,1
DA:7,1
DA:8,1
DA:9,1
DA:10,1
DA:23,2
DA:24,2
DA:25,2
DA:26,3
DA:27,3
DA:28,3
DA:29,3
DA:31,9
DA:33,7
DA:34,3
DA:35,3
DA:37,15
DA:38,3
DA:39,3
DA:40,3
DA:41,2
DA:42,6
DA:44,1
DA:45,2
DA:47,1
DA:51,2
DA:52,5
DA:53,5
DA:54,5
DA:55,5
DA:56,3
DA:57,5
DA:59,2
DA:61,1
LF:37
LH:37
BRDA:2,0,0,1
BRDA:2,0,1,1
BRDA:2,0,2,1
BRDA:3,1,0,0
BRDA:3,1,1,3
BRDA:3,2,0,3
BRDA:3,2,1,3
BRDA:40,3,0,2
BRDA:40,3,1,1
BRDA:45,4,0,1
BRDA:45,4,1,1
BRDA:45,5,0,2
BRDA:45,5,1,2
BRDA:53,6,0,5
BRDA:53,6,1,0
BRDA:55,7,0,3
BRDA:55,7,1,2
BRF:17
BRH:15
end_of_record
